0 info it worked if it ends with ok
1 verbose cli [ '/usr/bin/node', '/usr/bin/npm', 'run', 'build' ]
2 info using npm@3.5.2
3 info using node@v8.10.0
4 verbose run-script [ 'prebuild', 'build', 'postbuild' ]
5 info lifecycle tacs@0.1.0~prebuild: tacs@0.1.0
6 silly lifecycle tacs@0.1.0~prebuild: no script for prebuild, continuing
7 info lifecycle tacs@0.1.0~build: tacs@0.1.0
8 verbose lifecycle tacs@0.1.0~build: unsafe-perm in lifecycle true
9 verbose lifecycle tacs@0.1.0~build: PATH: /usr/share/npm/bin/node-gyp-bin:/home/lu/Projects/TACS-FRONT/node_modules/.bin:/usr/local/sbin:/usr/local/bin:/usr/sbin:/usr/bin:/sbin:/bin:/usr/games:/usr/local/games:/snap/bin:/home/lu/.dotnet/tools:/usr/lib/jvm/java-8-oracle/bin:/usr/lib/jvm/java-8-oracle/db/bin:/usr/lib/jvm/java-8-oracle/jre/bin
10 verbose lifecycle tacs@0.1.0~build: CWD: /home/lu/Projects/TACS-FRONT
11 silly lifecycle tacs@0.1.0~build: Args: [ '-c', 'react-scripts build' ]
12 info lifecycle tacs@0.1.0~build: Failed to exec build script
13 verbose stack Error: tacs@0.1.0 build: `react-scripts build`
13 verbose stack spawn ENOENT
13 verbose stack     at ChildProcess.<anonymous> (/usr/share/npm/lib/utils/spawn.js:17:16)
13 verbose stack     at emitTwo (events.js:126:13)
13 verbose stack     at ChildProcess.emit (events.js:214:7)
13 verbose stack     at maybeClose (internal/child_process.js:925:16)
13 verbose stack     at Process.ChildProcess._handle.onexit (internal/child_process.js:209:5)
14 verbose pkgid tacs@0.1.0
15 verbose cwd /home/lu/Projects/TACS-FRONT/src
16 error Linux 5.0.0-27-generic
17 error argv "/usr/bin/node" "/usr/bin/npm" "run" "build"
18 error node v8.10.0
19 error npm  v3.5.2
20 error file sh
21 error code ELIFECYCLE
22 error errno ENOENT
23 error syscall spawn
24 error tacs@0.1.0 build: `react-scripts build`
24 error spawn ENOENT
25 error Failed at the tacs@0.1.0 build script 'react-scripts build'.
25 error Make sure you have the latest version of node.js and npm installed.
25 error If you do, this is most likely a problem with the tacs package,
25 error not with npm itself.
25 error Tell the author that this fails on your system:
25 error     react-scripts build
25 error You can get information on how to open an issue for this project with:
25 error     npm bugs tacs
25 error Or if that isn't available, you can get their info via:
25 error     npm owner ls tacs
25 error There is likely additional logging output above.
26 verbose exit [ 1, true ]
